0 info it worked if it ends with ok
1 verbose cli [ 'C:\\Program Files\\nodejs\\node.exe',
1 verbose cli   'C:\\Users\\Erik\\AppData\\Roaming\\npm\\node_modules\\npm\\bin\\npm-cli.js',
1 verbose cli   'publish' ]
2 info using npm@3.10.8
3 info using node@v6.9.1
4 verbose publish [ '.' ]
5 verbose stack Error: Failed to parse json
5 verbose stack Unexpected token ' ' at 3:23
5 verbose stack   "version": "1.0.22,
5 verbose stack                      ^
5 verbose stack     at parseError (C:\Users\Erik\AppData\Roaming\npm\node_modules\npm\node_modules\read-package-json\read-json.js:390:11)
5 verbose stack     at parseJson (C:\Users\Erik\AppData\Roaming\npm\node_modules\npm\node_modules\read-package-json\read-json.js:79:23)
5 verbose stack     at C:\Users\Erik\AppData\Roaming\npm\node_modules\npm\node_modules\read-package-json\read-json.js:48:5
5 verbose stack     at C:\Users\Erik\AppData\Roaming\npm\node_modules\npm\node_modules\graceful-fs\graceful-fs.js:78:16
5 verbose stack     at tryToString (fs.js:455:3)
5 verbose stack     at FSReqWrap.readFileAfterClose [as oncomplete] (fs.js:442:12)
6 verbose cwd C:\Users\Erik\Documents\dev\projetos2\open-source\ng2-install
7 error Windows_NT 10.0.14393
8 error argv "C:\\Program Files\\nodejs\\node.exe" "C:\\Users\\Erik\\AppData\\Roaming\\npm\\node_modules\\npm\\bin\\npm-cli.js" "publish"
9 error node v6.9.1
10 error npm  v3.10.8
11 error file C:\Users\Erik\Documents\dev\projetos2\open-source\ng2-install\package.json
12 error code EJSONPARSE
13 error Failed to parse json
13 error Unexpected token ' ' at 3:23
13 error   "version": "1.0.22,
13 error                      ^
14 error File: C:\Users\Erik\Documents\dev\projetos2\open-source\ng2-install\package.json
15 error Failed to parse package.json data.
15 error package.json must be actual JSON, not just JavaScript.
15 error
15 error This is not a bug in npm.
15 error Tell the package author to fix their package.json file. JSON.parse
16 verbose exit [ 1, true ]
